2025-07-26 15:17:01 - StockPatternDetector.utils.cache_manager - [32mINFO[0m - __init__:64 - Cache manager initialized with directory: .cache
2025-07-26 15:17:02 - StockPatternDetector.data.loader - [32mINFO[0m - get_available_instruments:92 - Found 5 valid instruments: ['RELIANCE', 'TCS', 'BHARTIARTL', 'ICICIBANK', 'BAJAJ-AUTO']
2025-07-26 15:17:02 - StockPatternDetector.data.loader - [32mINFO[0m - get_available_instruments:92 - Found 5 valid instruments: ['RELIANCE', 'TCS', 'BHARTIARTL', 'ICICIBANK', 'BAJAJ-AUTO']
2025-07-26 15:17:02 - StockPatternDetector.utils.cache_manager - DEBUG - get:192 - Cache miss: instrument_data_BAJAJ-AUTO_5Scripts
2025-07-26 15:17:02 - StockPatternDetector.data.loader - [32mINFO[0m - load_instrument_data:171 - Loading 139 CSV files for BAJAJ-AUTO
2025-07-26 15:17:02 - StockPatternDetector.data.loader - DEBUG - _parse_datetime:488 - Successfully parsed datetime in 26-03-2025.csv using format: %d-%m-%Y %H:%M:%S
2025-07-26 15:17:02 - StockPatternDetector.data.loader - DEBUG - _parse_datetime:488 - Successfully parsed datetime in 15-01-2025.csv using format: %d-%m-%Y %H:%M:%S
2025-07-26 15:17:02 - StockPatternDetector.data.loader - DEBUG - _parse_datetime:488 - Successfully parsed datetime in 03-07-2025.csv using format: %d-%m-%Y %H:%M:%S
2025-07-26 15:17:02 - StockPatternDetector.data.loader - DEBUG - _parse_datetime:488 - Successfully parsed datetime in 03-06-2025.csv using format: %d-%m-%Y %H:%M:%S
2025-07-26 15:17:02 - StockPatternDetector.data.loader - DEBUG - _parse_datetime:488 - Successfully parsed datetime in 30-05-2025.csv using format: %d-%m-%Y %H:%M:%S
2025-07-26 15:17:02 - StockPatternDetector.data.loader - DEBUG - _parse_datetime:488 - Successfully parsed datetime in 30-04-2025.csv using format: %d-%m-%Y %H:%M:%S
2025-07-26 15:17:02 - StockPatternDetector.data.loader - DEBUG - _parse_datetime:488 - Successfully parsed datetime in 02-05-2025.csv using format: %d-%m-%Y %H:%M:%S
2025-07-26 15:17:02 - StockPatternDetector.data.loader - DEBUG - _parse_datetime:488 - Successfully parsed datetime in 02-04-2025.csv using format: %d-%m-%Y %H:%M:%S
2025-07-26 15:17:02 - StockPatternDetector.data.loader - DEBUG - _parse_datetime:488 - Successfully parsed datetime in 14-02-2025.csv using format: %d-%m-%Y %H:%M:%S
2025-07-26 15:17:02 - StockPatternDetector.data.loader - DEBUG - _parse_datetime:488 - Successfully parsed datetime in 27-01-2025.csv using format: %d-%m-%Y %H:%M:%S
2025-07-26 15:17:02 - StockPatternDetector.data.loader - DEBUG - _parse_datetime:488 - Successfully parsed datetime in 09-01-2025.csv using format: %d-%m-%Y %H:%M:%S
2025-07-26 15:17:02 - StockPatternDetector.data.loader - DEBUG - _parse_datetime:488 - Successfully parsed datetime in 24-06-2025.csv using format: %d-%m-%Y %H:%M:%S
2025-07-26 15:17:02 - StockPatternDetector.data.loader - DEBUG - _parse_datetime:488 - Successfully parsed datetime in 24-07-2025.csv using format: %d-%m-%Y %H:%M:%S
2025-07-26 15:17:02 - StockPatternDetector.data.loader - DEBUG - _parse_datetime:488 - Successfully parsed datetime in 17-04-2025.csv using format: %d-%m-%Y %H:%M:%S
2025-07-26 15:17:02 - StockPatternDetector.data.loader - DEBUG - _parse_datetime:488 - Successfully parsed datetime in 16-06-2025.csv using format: %d-%m-%Y %H:%M:%S
2025-07-26 15:17:02 - StockPatternDetector.data.loader - DEBUG - _parse_datetime:488 - Successfully parsed datetime in 16-07-2025.csv using format: %d-%m-%Y %H:%M:%S
2025-07-26 15:17:02 - StockPatternDetector.data.loader - DEBUG - _parse_datetime:488 - Successfully parsed datetime in 25-04-2025.csv using format: %d-%m-%Y %H:%M:%S
2025-07-26 15:17:02 - StockPatternDetector.data.loader - DEBUG - _parse_datetime:488 - Successfully parsed datetime in 04-02-2025.csv using format: %d-%m-%Y %H:%M:%S
2025-07-26 15:17:02 - StockPatternDetector.data.loader - DEBUG - _parse_datetime:488 - Successfully parsed datetime in 04-03-2025.csv using format: %d-%m-%Y %H:%M:%S
2025-07-26 15:17:02 - StockPatternDetector.data.loader - DEBUG - _parse_datetime:488 - Successfully parsed datetime in 21-07-2025.csv using format: %d-%m-%Y %H:%M:%S
2025-07-26 15:17:02 - StockPatternDetector.data.loader - DEBUG - _parse_datetime:488 - Successfully parsed datetime in 12-05-2025.csv using format: %d-%m-%Y %H:%M:%S
2025-07-26 15:17:02 - StockPatternDetector.data.loader - DEBUG - _parse_datetime:488 - Successfully parsed datetime in 13-06-2025.csv using format: %d-%m-%Y %H:%M:%S
2025-07-26 15:17:02 - StockPatternDetector.data.loader - DEBUG - _parse_datetime:488 - Successfully parsed datetime in 20-05-2025.csv using format: %d-%m-%Y %H:%M:%S
2025-07-26 15:17:02 - StockPatternDetector.data.loader - DEBUG - _parse_datetime:488 - Successfully parsed datetime in 18-02-2025.csv using format: %d-%m-%Y %H:%M:%S
2025-07-26 15:17:02 - StockPatternDetector.data.loader - DEBUG - _parse_datetime:488 - Successfully parsed datetime in 18-03-2025.csv using format: %d-%m-%Y %H:%M:%S
2025-07-26 15:17:02 - StockPatternDetector.data.loader - DEBUG - _parse_datetime:488 - Successfully parsed datetime in 06-06-2025.csv using format: %d-%m-%Y %H:%M:%S
2025-07-26 15:17:02 - StockPatternDetector.data.loader - DEBUG - _parse_datetime:488 - Successfully parsed datetime in 10-01-2025.csv using format: %d-%m-%Y %H:%M:%S
2025-07-26 15:17:02 - StockPatternDetector.data.loader - DEBUG - _parse_datetime:488 - Successfully parsed datetime in 29-05-2025.csv using format: %d-%m-%Y %H:%M:%S
2025-07-26 15:17:02 - StockPatternDetector.data.loader - DEBUG - _parse_datetime:488 - Successfully parsed datetime in 29-04-2025.csv using format: %d-%m-%Y %H:%M:%S
2025-07-26 15:17:02 - StockPatternDetector.data.loader - DEBUG - _parse_datetime:488 - Successfully parsed datetime in 11-03-2025.csv using format: %d-%m-%Y %H:%M:%S
2025-07-26 15:17:02 - StockPatternDetector.data.loader - DEBUG - _parse_datetime:488 - Successfully parsed datetime in 11-02-2025.csv using format: %d-%m-%Y %H:%M:%S
2025-07-26 15:17:02 - StockPatternDetector.data.loader - DEBUG - _parse_datetime:488 - Successfully parsed datetime in 22-01-2025.csv using format: %d-%m-%Y %H:%M:%S
2025-07-26 15:17:02 - StockPatternDetector.data.loader - DEBUG - _parse_datetime:488 - Successfully parsed datetime in 07-05-2025.csv using format: %d-%m-%Y %H:%M:%S
2025-07-26 15:17:02 - StockPatternDetector.data.loader - DEBUG - _parse_datetime:488 - Successfully parsed datetime in 07-04-2025.csv using format: %d-%m-%Y %H:%M:%S
2025-07-26 15:17:02 - StockPatternDetector.data.loader - DEBUG - _parse_datetime:488 - Successfully parsed datetime in 21-01-2025.csv using format: %d-%m-%Y %H:%M:%S
2025-07-26 15:17:02 - StockPatternDetector.data.loader - DEBUG - _parse_datetime:488 - Successfully parsed datetime in 12-03-2025.csv using format: %d-%m-%Y %H:%M:%S
2025-07-26 15:17:02 - StockPatternDetector.data.loader - DEBUG - _parse_datetime:488 - Successfully parsed datetime in 12-02-2025.csv using format: %d-%m-%Y %H:%M:%S
2025-07-26 15:17:02 - StockPatternDetector.data.loader - DEBUG - _parse_datetime:488 - Successfully parsed datetime in 04-04-2025.csv using format: %d-%m-%Y %H:%M:%S
2025-07-26 15:17:02 - StockPatternDetector.data.loader - DEBUG - _parse_datetime:488 - Successfully parsed datetime in 19-06-2025.csv using format: %d-%m-%Y %H:%M:%S
2025-07-26 15:17:02 - StockPatternDetector.data.loader - DEBUG - _parse_datetime:488 - Successfully parsed datetime in 05-06-2025.csv using format: %d-%m-%Y %H:%M:%S
2025-07-26 15:17:02 - StockPatternDetector.data.loader - DEBUG - _parse_datetime:488 - Successfully parsed datetime in 13-01-2025.csv using format: %d-%m-%Y %H:%M:%S
2025-07-26 15:17:02 - StockPatternDetector.data.loader - DEBUG - _parse_datetime:488 - Successfully parsed datetime in 20-03-2025.csv using format: %d-%m-%Y %H:%M:%S
2025-07-26 15:17:02 - StockPatternDetector.data.loader - DEBUG - _parse_datetime:488 - Successfully parsed datetime in 20-02-2025.csv using format: %d-%m-%Y %H:%M:%S
2025-07-26 15:17:02 - StockPatternDetector.data.loader - DEBUG - _parse_datetime:488 - Successfully parsed datetime in 28-01-2025.csv using format: %d-%m-%Y %H:%M:%S
2025-07-26 15:17:02 - StockPatternDetector.data.loader - DEBUG - _parse_datetime:488 - Successfully parsed datetime in 23-04-2025.csv using format: %d-%m-%Y %H:%M:%S
2025-07-26 15:17:02 - StockPatternDetector.data.loader - DEBUG - _parse_datetime:488 - Successfully parsed datetime in 23-05-2025.csv using format: %d-%m-%Y %H:%M:%S
2025-07-26 15:17:02 - StockPatternDetector.data.loader - DEBUG - _parse_datetime:488 - Successfully parsed datetime in 10-06-2025.csv using format: %d-%m-%Y %H:%M:%S
2025-07-26 15:17:02 - StockPatternDetector.data.loader - DEBUG - _parse_datetime:488 - Successfully parsed datetime in 10-07-2025.csv using format: %d-%m-%Y %H:%M:%S
2025-07-26 15:17:02 - StockPatternDetector.data.loader - DEBUG - _parse_datetime:488 - Successfully parsed datetime in 06-01-2025.csv using format: %d-%m-%Y %H:%M:%S
2025-07-26 15:17:02 - StockPatternDetector.data.loader - DEBUG - _parse_datetime:488 - Successfully parsed datetime in 07-02-2025.csv using format: %d-%m-%Y %H:%M:%S
2025-07-26 15:17:02 - StockPatternDetector.data.loader - DEBUG - _parse_datetime:488 - Successfully parsed datetime in 07-03-2025.csv using format: %d-%m-%Y %H:%M:%S
2025-07-26 15:17:02 - StockPatternDetector.data.loader - DEBUG - _parse_datetime:488 - Successfully parsed datetime in 11-04-2025.csv using format: %d-%m-%Y %H:%M:%S
2025-07-26 15:17:02 - StockPatternDetector.data.loader - DEBUG - _parse_datetime:488 - Successfully parsed datetime in 22-07-2025.csv using format: %d-%m-%Y %H:%M:%S
2025-07-26 15:17:02 - StockPatternDetector.data.loader - DEBUG - _parse_datetime:488 - Successfully parsed datetime in 03-01-2025.csv using format: %d-%m-%Y %H:%M:%S
2025-07-26 15:17:02 - StockPatternDetector.data.loader - DEBUG - _parse_datetime:488 - Successfully parsed datetime in 26-05-2025.csv using format: %d-%m-%Y %H:%M:%S
2025-07-26 15:17:02 - StockPatternDetector.data.loader - DEBUG - _parse_datetime:488 - Successfully parsed datetime in 15-07-2025.csv using format: %d-%m-%Y %H:%M:%S
2025-07-26 15:17:02 - StockPatternDetector.data.loader - DEBUG - _parse_datetime:488 - Successfully parsed datetime in 08-04-2025.csv using format: %d-%m-%Y %H:%M:%S
2025-07-26 15:17:02 - StockPatternDetector.data.loader - DEBUG - _parse_datetime:488 - Successfully parsed datetime in 08-05-2025.csv using format: %d-%m-%Y %H:%M:%S
2025-07-26 15:17:02 - StockPatternDetector.data.loader - DEBUG - _parse_datetime:488 - Successfully parsed datetime in 14-05-2025.csv using format: %d-%m-%Y %H:%M:%S
2025-07-26 15:17:02 - StockPatternDetector.data.loader - DEBUG - _parse_datetime:488 - Successfully parsed datetime in 27-06-2025.csv using format: %d-%m-%Y %H:%M:%S
2025-07-26 15:17:02 - StockPatternDetector.data.loader - DEBUG - _parse_datetime:488 - Successfully parsed datetime in 31-01-2025.csv using format: %d-%m-%Y %H:%M:%S
2025-07-26 15:17:02 - StockPatternDetector.data.loader - DEBUG - _parse_datetime:488 - Successfully parsed datetime in 09-06-2025.csv using format: %d-%m-%Y %H:%M:%S
2025-07-26 15:17:02 - StockPatternDetector.data.loader - DEBUG - _parse_datetime:488 - Successfully parsed datetime in 09-07-2025.csv using format: %d-%m-%Y %H:%M:%S
2025-07-26 15:17:02 - StockPatternDetector.data.loader - DEBUG - _parse_datetime:488 - Successfully parsed datetime in 01-04-2025.csv using format: %d-%m-%Y %H:%M:%S
2025-07-26 15:17:02 - StockPatternDetector.data.loader - DEBUG - _parse_datetime:488 - Successfully parsed datetime in 24-01-2025.csv using format: %d-%m-%Y %H:%M:%S
2025-07-26 15:17:02 - StockPatternDetector.data.loader - DEBUG - _parse_datetime:488 - Successfully parsed datetime in 17-03-2025.csv using format: %d-%m-%Y %H:%M:%S
2025-07-26 15:17:02 - StockPatternDetector.data.loader - DEBUG - _parse_datetime:488 - Successfully parsed datetime in 17-02-2025.csv using format: %d-%m-%Y %H:%M:%S
2025-07-26 15:17:02 - StockPatternDetector.data.loader - DEBUG - _parse_datetime:488 - Successfully parsed datetime in 16-01-2025.csv using format: %d-%m-%Y %H:%M:%S
2025-07-26 15:17:02 - StockPatternDetector.data.loader - DEBUG - _parse_datetime:488 - Successfully parsed datetime in 25-03-2025.csv using format: %d-%m-%Y %H:%M:%S
2025-07-26 15:17:02 - StockPatternDetector.data.loader - DEBUG - _parse_datetime:488 - Successfully parsed datetime in 25-02-2025.csv using format: %d-%m-%Y %H:%M:%S
2025-07-26 15:17:02 - StockPatternDetector.data.loader - DEBUG - _parse_datetime:488 - Successfully parsed datetime in 28-04-2025.csv using format: %d-%m-%Y %H:%M:%S
2025-07-26 15:17:02 - StockPatternDetector.data.loader - DEBUG - _parse_datetime:488 - Successfully parsed datetime in 28-05-2025.csv using format: %d-%m-%Y %H:%M:%S
2025-07-26 15:17:02 - StockPatternDetector.data.loader - DEBUG - _parse_datetime:488 - Successfully parsed datetime in 06-05-2025.csv using format: %d-%m-%Y %H:%M:%S
2025-07-26 15:17:02 - StockPatternDetector.data.loader - DEBUG - _parse_datetime:488 - Successfully parsed datetime in 23-01-2025.csv using format: %d-%m-%Y %H:%M:%S
2025-07-26 15:17:02 - StockPatternDetector.data.loader - DEBUG - _parse_datetime:488 - Successfully parsed datetime in 10-02-2025.csv using format: %d-%m-%Y %H:%M:%S
2025-07-26 15:17:02 - StockPatternDetector.data.loader - DEBUG - _parse_datetime:488 - Successfully parsed datetime in 10-03-2025.csv using format: %d-%m-%Y %H:%M:%S
2025-07-26 15:17:02 - StockPatternDetector.data.loader - DEBUG - _parse_datetime:488 - Successfully parsed datetime in 07-07-2025.csv using format: %d-%m-%Y %H:%M:%S
2025-07-26 15:17:02 - StockPatternDetector.data.loader - DEBUG - _parse_datetime:488 - Successfully parsed datetime in 21-05-2025.csv using format: %d-%m-%Y %H:%M:%S
2025-07-26 15:17:02 - StockPatternDetector.data.loader - DEBUG - _parse_datetime:488 - Successfully parsed datetime in 21-04-2025.csv using format: %d-%m-%Y %H:%M:%S
2025-07-26 15:17:02 - StockPatternDetector.data.loader - DEBUG - _parse_datetime:488 - Successfully parsed datetime in 12-06-2025.csv using format: %d-%m-%Y %H:%M:%S
2025-07-26 15:17:02 - StockPatternDetector.data.loader - DEBUG - _parse_datetime:488 - Successfully parsed datetime in 19-03-2025.csv using format: %d-%m-%Y %H:%M:%S
2025-07-26 15:17:02 - StockPatternDetector.data.loader - DEBUG - _parse_datetime:488 - Successfully parsed datetime in 19-02-2025.csv using format: %d-%m-%Y %H:%M:%S
2025-07-26 15:17:02 - StockPatternDetector.data.loader - DEBUG - _parse_datetime:488 - Successfully parsed datetime in 13-05-2025.csv using format: %d-%m-%Y %H:%M:%S
2025-07-26 15:17:02 - StockPatternDetector.data.loader - DEBUG - _parse_datetime:488 - Successfully parsed datetime in 20-06-2025.csv using format: %d-%m-%Y %H:%M:%S
2025-07-26 15:17:02 - StockPatternDetector.data.loader - DEBUG - _parse_datetime:488 - Successfully parsed datetime in 05-03-2025.csv using format: %d-%m-%Y %H:%M:%S
2025-07-26 15:17:02 - StockPatternDetector.data.loader - DEBUG - _parse_datetime:488 - Successfully parsed datetime in 05-02-2025.csv using format: %d-%m-%Y %H:%M:%S
2025-07-26 15:17:02 - StockPatternDetector.data.loader - DEBUG - _parse_datetime:488 - Successfully parsed datetime in 24-04-2025.csv using format: %d-%m-%Y %H:%M:%S
2025-07-26 15:17:02 - StockPatternDetector.data.loader - DEBUG - _parse_datetime:488 - Successfully parsed datetime in 17-07-2025.csv using format: %d-%m-%Y %H:%M:%S
2025-07-26 15:17:02 - StockPatternDetector.data.loader - DEBUG - _parse_datetime:488 - Successfully parsed datetime in 17-06-2025.csv using format: %d-%m-%Y %H:%M:%S
2025-07-26 15:17:02 - StockPatternDetector.data.loader - DEBUG - _parse_datetime:488 - Successfully parsed datetime in 01-01-2025.csv using format: %d-%m-%Y %H:%M:%S
2025-07-26 15:17:02 - StockPatternDetector.data.loader - DEBUG - _parse_datetime:488 - Successfully parsed datetime in 16-05-2025.csv using format: %d-%m-%Y %H:%M:%S
2025-07-26 15:17:02 - StockPatternDetector.data.loader - DEBUG - _parse_datetime:488 - Successfully parsed datetime in 16-04-2025.csv using format: %d-%m-%Y %H:%M:%S
2025-07-26 15:17:02 - StockPatternDetector.data.loader - DEBUG - _parse_datetime:488 - Successfully parsed datetime in 25-06-2025.csv using format: %d-%m-%Y %H:%M:%S
2025-07-26 15:17:02 - StockPatternDetector.data.loader - DEBUG - _parse_datetime:488 - Successfully parsed datetime in 03-04-2025.csv using format: %d-%m-%Y %H:%M:%S
2025-07-26 15:17:02 - StockPatternDetector.data.loader - DEBUG - _parse_datetime:488 - Successfully parsed datetime in 30-06-2025.csv using format: %d-%m-%Y %H:%M:%S
2025-07-26 15:17:02 - StockPatternDetector.data.loader - DEBUG - _parse_datetime:488 - Successfully parsed datetime in 08-01-2025.csv using format: %d-%m-%Y %H:%M:%S
2025-07-26 15:17:02 - StockPatternDetector.data.loader - DEBUG - _parse_datetime:488 - Successfully parsed datetime in 02-06-2025.csv using format: %d-%m-%Y %H:%M:%S
2025-07-26 15:17:02 - StockPatternDetector.data.loader - DEBUG - _parse_datetime:488 - Successfully parsed datetime in 02-07-2025.csv using format: %d-%m-%Y %H:%M:%S
2025-07-26 15:17:02 - StockPatternDetector.data.loader - DEBUG - _parse_datetime:488 - Successfully parsed datetime in 14-01-2025.csv using format: %d-%m-%Y %H:%M:%S
2025-07-26 15:17:02 - StockPatternDetector.data.loader - DEBUG - _parse_datetime:488 - Successfully parsed datetime in 27-02-2025.csv using format: %d-%m-%Y %H:%M:%S
2025-07-26 15:17:02 - StockPatternDetector.data.loader - DEBUG - _parse_datetime:488 - Successfully parsed datetime in 27-03-2025.csv using format: %d-%m-%Y %H:%M:%S
2025-07-26 15:17:02 - StockPatternDetector.data.loader - DEBUG - _parse_datetime:488 - Successfully parsed datetime in 01-07-2025.csv using format: %d-%m-%Y %H:%M:%S
2025-07-26 15:17:02 - StockPatternDetector.data.loader - DEBUG - _parse_datetime:488 - Successfully parsed datetime in 24-02-2025.csv using format: %d-%m-%Y %H:%M:%S
2025-07-26 15:17:02 - StockPatternDetector.data.loader - DEBUG - _parse_datetime:488 - Successfully parsed datetime in 24-03-2025.csv using format: %d-%m-%Y %H:%M:%S
2025-07-26 15:17:02 - StockPatternDetector.data.loader - DEBUG - _parse_datetime:488 - Successfully parsed datetime in 17-01-2025.csv using format: %d-%m-%Y %H:%M:%S
2025-07-26 15:17:02 - StockPatternDetector.data.loader - DEBUG - _parse_datetime:488 - Successfully parsed datetime in 03-03-2025.csv using format: %d-%m-%Y %H:%M:%S
2025-07-26 15:17:02 - StockPatternDetector.data.loader - DEBUG - _parse_datetime:488 - Successfully parsed datetime in 03-02-2025.csv using format: %d-%m-%Y %H:%M:%S
2025-07-26 15:17:02 - StockPatternDetector.data.loader - DEBUG - _parse_datetime:488 - Successfully parsed datetime in 30-01-2025.csv using format: %d-%m-%Y %H:%M:%S
2025-07-26 15:17:02 - StockPatternDetector.data.loader - DEBUG - _parse_datetime:488 - Successfully parsed datetime in 26-06-2025.csv using format: %d-%m-%Y %H:%M:%S
2025-07-26 15:17:02 - StockPatternDetector.data.loader - DEBUG - _parse_datetime:488 - Successfully parsed datetime in 15-05-2025.csv using format: %d-%m-%Y %H:%M:%S
2025-07-26 15:17:02 - StockPatternDetector.data.loader - DEBUG - _parse_datetime:488 - Successfully parsed datetime in 15-04-2025.csv using format: %d-%m-%Y %H:%M:%S
2025-07-26 15:17:02 - StockPatternDetector.data.loader - DEBUG - _parse_datetime:488 - Successfully parsed datetime in 08-07-2025.csv using format: %d-%m-%Y %H:%M:%S
2025-07-26 15:17:02 - StockPatternDetector.data.loader - DEBUG - _parse_datetime:488 - Successfully parsed datetime in 14-07-2025.csv using format: %d-%m-%Y %H:%M:%S
2025-07-26 15:17:02 - StockPatternDetector.data.loader - DEBUG - _parse_datetime:488 - Successfully parsed datetime in 27-05-2025.csv using format: %d-%m-%Y %H:%M:%S
2025-07-26 15:17:02 - StockPatternDetector.data.loader - DEBUG - _parse_datetime:488 - Successfully parsed datetime in 02-01-2025.csv using format: %d-%m-%Y %H:%M:%S
2025-07-26 15:17:02 - StockPatternDetector.data.loader - DEBUG - _parse_datetime:488 - Successfully parsed datetime in 09-05-2025.csv using format: %d-%m-%Y %H:%M:%S
2025-07-26 15:17:02 - StockPatternDetector.data.loader - DEBUG - _parse_datetime:488 - Successfully parsed datetime in 09-04-2025.csv using format: %d-%m-%Y %H:%M:%S
2025-07-26 15:17:02 - StockPatternDetector.data.loader - DEBUG - _parse_datetime:488 - Successfully parsed datetime in 28-03-2025.csv using format: %d-%m-%Y %H:%M:%S
2025-07-26 15:17:02 - StockPatternDetector.data.loader - DEBUG - _parse_datetime:488 - Successfully parsed datetime in 28-02-2025.csv using format: %d-%m-%Y %H:%M:%S
2025-07-26 15:17:02 - StockPatternDetector.data.loader - DEBUG - _parse_datetime:488 - Successfully parsed datetime in 23-07-2025.csv using format: %d-%m-%Y %H:%M:%S
2025-07-26 15:17:02 - StockPatternDetector.data.loader - DEBUG - _parse_datetime:488 - Successfully parsed datetime in 23-06-2025.csv using format: %d-%m-%Y %H:%M:%S
2025-07-26 15:17:02 - StockPatternDetector.data.loader - DEBUG - _parse_datetime:488 - Successfully parsed datetime in 06-03-2025.csv using format: %d-%m-%Y %H:%M:%S
2025-07-26 15:17:02 - StockPatternDetector.data.loader - DEBUG - _parse_datetime:488 - Successfully parsed datetime in 06-02-2025.csv using format: %d-%m-%Y %H:%M:%S
2025-07-26 15:17:02 - StockPatternDetector.data.loader - DEBUG - _parse_datetime:488 - Successfully parsed datetime in 29-01-2025.csv using format: %d-%m-%Y %H:%M:%S
2025-07-26 15:17:02 - StockPatternDetector.data.loader - DEBUG - _parse_datetime:488 - Successfully parsed datetime in 07-01-2025.csv using format: %d-%m-%Y %H:%M:%S
2025-07-26 15:17:02 - StockPatternDetector.data.loader - DEBUG - _parse_datetime:488 - Successfully parsed datetime in 11-07-2025.csv using format: %d-%m-%Y %H:%M:%S
2025-07-26 15:17:02 - StockPatternDetector.data.loader - DEBUG - _parse_datetime:488 - Successfully parsed datetime in 11-06-2025.csv using format: %d-%m-%Y %H:%M:%S
2025-07-26 15:17:02 - StockPatternDetector.data.loader - DEBUG - _parse_datetime:488 - Successfully parsed datetime in 22-05-2025.csv using format: %d-%m-%Y %H:%M:%S
2025-07-26 15:17:02 - StockPatternDetector.data.loader - DEBUG - _parse_datetime:488 - Successfully parsed datetime in 22-04-2025.csv using format: %d-%m-%Y %H:%M:%S
2025-07-26 15:17:02 - StockPatternDetector.data.loader - DEBUG - _parse_datetime:488 - Successfully parsed datetime in 21-02-2025.csv using format: %d-%m-%Y %H:%M:%S
2025-07-26 15:17:02 - StockPatternDetector.data.loader - DEBUG - _parse_datetime:488 - Successfully parsed datetime in 21-03-2025.csv using format: %d-%m-%Y %H:%M:%S
2025-07-26 15:17:02 - StockPatternDetector.data.loader - DEBUG - _parse_datetime:488 - Successfully parsed datetime in 04-06-2025.csv using format: %d-%m-%Y %H:%M:%S
2025-07-26 15:17:02 - StockPatternDetector.data.loader - DEBUG - _parse_datetime:488 - Successfully parsed datetime in 04-07-2025.csv using format: %d-%m-%Y %H:%M:%S
2025-07-26 15:17:02 - StockPatternDetector.data.loader - DEBUG - _parse_datetime:488 - Successfully parsed datetime in 05-05-2025.csv using format: %d-%m-%Y %H:%M:%S
2025-07-26 15:17:02 - StockPatternDetector.data.loader - DEBUG - _parse_datetime:488 - Successfully parsed datetime in 13-02-2025.csv using format: %d-%m-%Y %H:%M:%S
2025-07-26 15:17:02 - StockPatternDetector.data.loader - DEBUG - _parse_datetime:488 - Successfully parsed datetime in 13-03-2025.csv using format: %d-%m-%Y %H:%M:%S
2025-07-26 15:17:02 - StockPatternDetector.data.loader - DEBUG - _parse_datetime:488 - Successfully parsed datetime in 20-01-2025.csv using format: %d-%m-%Y %H:%M:%S
2025-07-26 15:17:02 - StockPatternDetector.data.loader - DEBUG - _parse_datetime:488 - Successfully parsed datetime in 18-06-2025.csv using format: %d-%m-%Y %H:%M:%S
2025-07-26 15:17:02 - StockPatternDetector.data.loader - DEBUG - _parse_datetime:488 - Successfully parsed datetime in 18-07-2025.csv using format: %d-%m-%Y %H:%M:%S
2025-07-26 15:17:02 - StockPatternDetector.utils.cache_manager - DEBUG - set:232 - Cached item: instrument_data_BAJAJ-AUTO_5Scripts (TTL: 1800s)
2025-07-26 15:17:02 - StockPatternDetector.data.loader - [32mINFO[0m - load_instrument_data:254 - Successfully loaded 52125 records for BAJAJ-AUTO from 139/139 files in 0.76s (cached)
2025-07-26 15:17:05 - StockPatternDetector.data.loader - [32mINFO[0m - get_available_instruments:92 - Found 5 valid instruments: ['RELIANCE', 'TCS', 'BHARTIARTL', 'ICICIBANK', 'BAJAJ-AUTO']
2025-07-26 15:17:05 - StockPatternDetector.data.loader - [32mINFO[0m - get_available_instruments:92 - Found 5 valid instruments: ['RELIANCE', 'TCS', 'BHARTIARTL', 'ICICIBANK', 'BAJAJ-AUTO']
2025-07-26 15:17:05 - StockPatternDetector.utils.cache_manager - DEBUG - get:154 - Memory cache hit: instrument_data_BAJAJ-AUTO_5Scripts
2025-07-26 15:17:05 - StockPatternDetector.data.loader - [32mINFO[0m - load_instrument_data:135 - Loaded BAJAJ-AUTO from cache in 0.007s (52125 records)
2025-07-26 15:17:07 - StockPatternDetector.data.loader - [32mINFO[0m - get_available_instruments:92 - Found 5 valid instruments: ['RELIANCE', 'TCS', 'BHARTIARTL', 'ICICIBANK', 'BAJAJ-AUTO']
2025-07-26 15:17:07 - StockPatternDetector.data.loader - [32mINFO[0m - get_available_instruments:92 - Found 5 valid instruments: ['RELIANCE', 'TCS', 'BHARTIARTL', 'ICICIBANK', 'BAJAJ-AUTO']
2025-07-26 15:17:07 - StockPatternDetector.utils.cache_manager - DEBUG - get:154 - Memory cache hit: instrument_data_BAJAJ-AUTO_5Scripts
2025-07-26 15:17:07 - StockPatternDetector.data.loader - [32mINFO[0m - load_instrument_data:135 - Loaded BAJAJ-AUTO from cache in 0.008s (52125 records)
2025-07-26 15:17:08 - StockPatternDetector.data.loader - [32mINFO[0m - get_available_instruments:92 - Found 5 valid instruments: ['RELIANCE', 'TCS', 'BHARTIARTL', 'ICICIBANK', 'BAJAJ-AUTO']
2025-07-26 15:17:08 - StockPatternDetector.data.loader - [32mINFO[0m - get_available_instruments:92 - Found 5 valid instruments: ['RELIANCE', 'TCS', 'BHARTIARTL', 'ICICIBANK', 'BAJAJ-AUTO']
2025-07-26 15:17:08 - StockPatternDetector.utils.cache_manager - DEBUG - get:154 - Memory cache hit: instrument_data_BAJAJ-AUTO_5Scripts
2025-07-26 15:17:08 - StockPatternDetector.data.loader - [32mINFO[0m - load_instrument_data:135 - Loaded BAJAJ-AUTO from cache in 0.002s (52125 records)
2025-07-26 15:17:10 - StockPatternDetector.data.loader - [32mINFO[0m - get_available_instruments:92 - Found 5 valid instruments: ['RELIANCE', 'TCS', 'BHARTIARTL', 'ICICIBANK', 'BAJAJ-AUTO']
2025-07-26 15:17:10 - StockPatternDetector.data.loader - [32mINFO[0m - get_available_instruments:92 - Found 5 valid instruments: ['RELIANCE', 'TCS', 'BHARTIARTL', 'ICICIBANK', 'BAJAJ-AUTO']
2025-07-26 15:17:10 - StockPatternDetector.utils.cache_manager - DEBUG - get:154 - Memory cache hit: instrument_data_BAJAJ-AUTO_5Scripts
2025-07-26 15:17:10 - StockPatternDetector.data.loader - [32mINFO[0m - load_instrument_data:135 - Loaded BAJAJ-AUTO from cache in 0.006s (52125 records)
2025-07-26 15:17:11 - StockPatternDetector.data.loader - [32mINFO[0m - get_available_instruments:92 - Found 5 valid instruments: ['RELIANCE', 'TCS', 'BHARTIARTL', 'ICICIBANK', 'BAJAJ-AUTO']
2025-07-26 15:17:11 - StockPatternDetector.data.loader - [32mINFO[0m - get_available_instruments:92 - Found 5 valid instruments: ['RELIANCE', 'TCS', 'BHARTIARTL', 'ICICIBANK', 'BAJAJ-AUTO']
2025-07-26 15:17:11 - StockPatternDetector.utils.cache_manager - DEBUG - get:154 - Memory cache hit: instrument_data_BAJAJ-AUTO_5Scripts
2025-07-26 15:17:11 - StockPatternDetector.data.loader - [32mINFO[0m - load_instrument_data:135 - Loaded BAJAJ-AUTO from cache in 0.006s (52125 records)
2025-07-26 15:17:15 - StockPatternDetector.data.loader - [32mINFO[0m - get_available_instruments:92 - Found 5 valid instruments: ['RELIANCE', 'TCS', 'BHARTIARTL', 'ICICIBANK', 'BAJAJ-AUTO']
2025-07-26 15:17:15 - StockPatternDetector.data.loader - [32mINFO[0m - get_available_instruments:92 - Found 5 valid instruments: ['RELIANCE', 'TCS', 'BHARTIARTL', 'ICICIBANK', 'BAJAJ-AUTO']
2025-07-26 15:17:15 - StockPatternDetector.utils.cache_manager - DEBUG - get:154 - Memory cache hit: instrument_data_BAJAJ-AUTO_5Scripts
2025-07-26 15:17:15 - StockPatternDetector.data.loader - [32mINFO[0m - load_instrument_data:135 - Loaded BAJAJ-AUTO from cache in 0.008s (52125 records)
2025-07-26 15:17:17 - StockPatternDetector.data.loader - [32mINFO[0m - get_available_instruments:92 - Found 5 valid instruments: ['RELIANCE', 'TCS', 'BHARTIARTL', 'ICICIBANK', 'BAJAJ-AUTO']
2025-07-26 15:17:17 - StockPatternDetector.data.loader - [32mINFO[0m - get_available_instruments:92 - Found 5 valid instruments: ['RELIANCE', 'TCS', 'BHARTIARTL', 'ICICIBANK', 'BAJAJ-AUTO']
2025-07-26 15:17:17 - StockPatternDetector.utils.cache_manager - DEBUG - get:154 - Memory cache hit: instrument_data_BAJAJ-AUTO_5Scripts
2025-07-26 15:17:17 - StockPatternDetector.data.loader - [32mINFO[0m - load_instrument_data:135 - Loaded BAJAJ-AUTO from cache in 0.009s (52125 records)
2025-07-26 15:17:17 - StockPatternDetector.data.loader - [32mINFO[0m - get_available_instruments:92 - Found 5 valid instruments: ['RELIANCE', 'TCS', 'BHARTIARTL', 'ICICIBANK', 'BAJAJ-AUTO']
2025-07-26 15:17:17 - StockPatternDetector.utils.cache_manager - DEBUG - get:192 - Cache miss: instrument_data_ICICIBANK_5Scripts
2025-07-26 15:17:17 - StockPatternDetector.data.loader - [32mINFO[0m - load_instrument_data:171 - Loading 139 CSV files for ICICIBANK
2025-07-26 15:17:17 - StockPatternDetector.data.loader - DEBUG - _parse_datetime:488 - Successfully parsed datetime in 26-03-2025.csv using format: %d-%m-%Y %H:%M:%S
2025-07-26 15:17:17 - StockPatternDetector.data.loader - DEBUG - _parse_datetime:488 - Successfully parsed datetime in 15-01-2025.csv using format: %d-%m-%Y %H:%M:%S
2025-07-26 15:17:17 - StockPatternDetector.data.loader - DEBUG - _parse_datetime:488 - Successfully parsed datetime in 03-07-2025.csv using format: %d-%m-%Y %H:%M:%S
2025-07-26 15:17:17 - StockPatternDetector.data.loader - DEBUG - _parse_datetime:488 - Successfully parsed datetime in 03-06-2025.csv using format: %d-%m-%Y %H:%M:%S
2025-07-26 15:17:17 - StockPatternDetector.data.loader - DEBUG - _parse_datetime:488 - Successfully parsed datetime in 30-05-2025.csv using format: %d-%m-%Y %H:%M:%S
2025-07-26 15:17:17 - StockPatternDetector.data.loader - DEBUG - _parse_datetime:488 - Successfully parsed datetime in 30-04-2025.csv using format: %d-%m-%Y %H:%M:%S
2025-07-26 15:17:17 - StockPatternDetector.data.loader - DEBUG - _parse_datetime:488 - Successfully parsed datetime in 02-05-2025.csv using format: %d-%m-%Y %H:%M:%S
2025-07-26 15:17:17 - StockPatternDetector.data.loader - DEBUG - _parse_datetime:488 - Successfully parsed datetime in 02-04-2025.csv using format: %d-%m-%Y %H:%M:%S
2025-07-26 15:17:17 - StockPatternDetector.data.loader - DEBUG - _parse_datetime:488 - Successfully parsed datetime in 14-02-2025.csv using format: %d-%m-%Y %H:%M:%S
2025-07-26 15:17:17 - StockPatternDetector.data.loader - DEBUG - _parse_datetime:488 - Successfully parsed datetime in 27-01-2025.csv using format: %d-%m-%Y %H:%M:%S
2025-07-26 15:17:17 - StockPatternDetector.data.loader - DEBUG - _parse_datetime:488 - Successfully parsed datetime in 09-01-2025.csv using format: %d-%m-%Y %H:%M:%S
2025-07-26 15:17:17 - StockPatternDetector.data.loader - DEBUG - _parse_datetime:488 - Successfully parsed datetime in 24-06-2025.csv using format: %d-%m-%Y %H:%M:%S
2025-07-26 15:17:17 - StockPatternDetector.data.loader - DEBUG - _parse_datetime:488 - Successfully parsed datetime in 24-07-2025.csv using format: %d-%m-%Y %H:%M:%S
2025-07-26 15:17:17 - StockPatternDetector.data.loader - DEBUG - _parse_datetime:488 - Successfully parsed datetime in 17-04-2025.csv using format: %d-%m-%Y %H:%M:%S
2025-07-26 15:17:17 - StockPatternDetector.data.loader - DEBUG - _parse_datetime:488 - Successfully parsed datetime in 16-06-2025.csv using format: %d-%m-%Y %H:%M:%S
2025-07-26 15:17:17 - StockPatternDetector.data.loader - DEBUG - _parse_datetime:488 - Successfully parsed datetime in 16-07-2025.csv using format: %d-%m-%Y %H:%M:%S
2025-07-26 15:17:17 - StockPatternDetector.data.loader - DEBUG - _parse_datetime:488 - Successfully parsed datetime in 25-04-2025.csv using format: %d-%m-%Y %H:%M:%S
2025-07-26 15:17:18 - StockPatternDetector.data.loader - DEBUG - _parse_datetime:488 - Successfully parsed datetime in 04-02-2025.csv using format: %d-%m-%Y %H:%M:%S
2025-07-26 15:17:18 - StockPatternDetector.data.loader - DEBUG - _parse_datetime:488 - Successfully parsed datetime in 04-03-2025.csv using format: %d-%m-%Y %H:%M:%S
2025-07-26 15:17:18 - StockPatternDetector.data.loader - DEBUG - _parse_datetime:488 - Successfully parsed datetime in 21-07-2025.csv using format: %d-%m-%Y %H:%M:%S
2025-07-26 15:17:18 - StockPatternDetector.data.loader - DEBUG - _parse_datetime:488 - Successfully parsed datetime in 12-05-2025.csv using format: %d-%m-%Y %H:%M:%S
2025-07-26 15:17:18 - StockPatternDetector.data.loader - DEBUG - _parse_datetime:488 - Successfully parsed datetime in 13-06-2025.csv using format: %d-%m-%Y %H:%M:%S
2025-07-26 15:17:18 - StockPatternDetector.data.loader - DEBUG - _parse_datetime:488 - Successfully parsed datetime in 20-05-2025.csv using format: %d-%m-%Y %H:%M:%S
2025-07-26 15:17:18 - StockPatternDetector.data.loader - DEBUG - _parse_datetime:488 - Successfully parsed datetime in 18-02-2025.csv using format: %d-%m-%Y %H:%M:%S
2025-07-26 15:17:18 - StockPatternDetector.data.loader - DEBUG - _parse_datetime:488 - Successfully parsed datetime in 18-03-2025.csv using format: %d-%m-%Y %H:%M:%S
2025-07-26 15:17:18 - StockPatternDetector.data.loader - DEBUG - _parse_datetime:488 - Successfully parsed datetime in 06-06-2025.csv using format: %d-%m-%Y %H:%M:%S
2025-07-26 15:17:18 - StockPatternDetector.data.loader - DEBUG - _parse_datetime:488 - Successfully parsed datetime in 10-01-2025.csv using format: %d-%m-%Y %H:%M:%S
2025-07-26 15:17:18 - StockPatternDetector.data.loader - DEBUG - _parse_datetime:488 - Successfully parsed datetime in 29-05-2025.csv using format: %d-%m-%Y %H:%M:%S
2025-07-26 15:17:18 - StockPatternDetector.data.loader - DEBUG - _parse_datetime:488 - Successfully parsed datetime in 29-04-2025.csv using format: %d-%m-%Y %H:%M:%S
2025-07-26 15:17:18 - StockPatternDetector.data.loader - DEBUG - _parse_datetime:488 - Successfully parsed datetime in 11-03-2025.csv using format: %d-%m-%Y %H:%M:%S
2025-07-26 15:17:18 - StockPatternDetector.data.loader - DEBUG - _parse_datetime:488 - Successfully parsed datetime in 11-02-2025.csv using format: %d-%m-%Y %H:%M:%S
2025-07-26 15:17:18 - StockPatternDetector.data.loader - DEBUG - _parse_datetime:488 - Successfully parsed datetime in 22-01-2025.csv using format: %d-%m-%Y %H:%M:%S
2025-07-26 15:17:18 - StockPatternDetector.data.loader - DEBUG - _parse_datetime:488 - Successfully parsed datetime in 07-05-2025.csv using format: %d-%m-%Y %H:%M:%S
2025-07-26 15:17:18 - StockPatternDetector.data.loader - DEBUG - _parse_datetime:488 - Successfully parsed datetime in 07-04-2025.csv using format: %d-%m-%Y %H:%M:%S
2025-07-26 15:17:18 - StockPatternDetector.data.loader - DEBUG - _parse_datetime:488 - Successfully parsed datetime in 21-01-2025.csv using format: %d-%m-%Y %H:%M:%S
2025-07-26 15:17:18 - StockPatternDetector.data.loader - DEBUG - _parse_datetime:488 - Successfully parsed datetime in 12-03-2025.csv using format: %d-%m-%Y %H:%M:%S
2025-07-26 15:17:18 - StockPatternDetector.data.loader - DEBUG - _parse_datetime:488 - Successfully parsed datetime in 12-02-2025.csv using format: %d-%m-%Y %H:%M:%S
2025-07-26 15:17:18 - StockPatternDetector.data.loader - DEBUG - _parse_datetime:488 - Successfully parsed datetime in 04-04-2025.csv using format: %d-%m-%Y %H:%M:%S
2025-07-26 15:17:18 - StockPatternDetector.data.loader - DEBUG - _parse_datetime:488 - Successfully parsed datetime in 19-06-2025.csv using format: %d-%m-%Y %H:%M:%S
2025-07-26 15:17:18 - StockPatternDetector.data.loader - DEBUG - _parse_datetime:488 - Successfully parsed datetime in 05-06-2025.csv using format: %d-%m-%Y %H:%M:%S
2025-07-26 15:17:18 - StockPatternDetector.data.loader - DEBUG - _parse_datetime:488 - Successfully parsed datetime in 13-01-2025.csv using format: %d-%m-%Y %H:%M:%S
2025-07-26 15:17:18 - StockPatternDetector.data.loader - DEBUG - _parse_datetime:488 - Successfully parsed datetime in 20-03-2025.csv using format: %d-%m-%Y %H:%M:%S
2025-07-26 15:17:18 - StockPatternDetector.data.loader - DEBUG - _parse_datetime:488 - Successfully parsed datetime in 20-02-2025.csv using format: %d-%m-%Y %H:%M:%S
2025-07-26 15:17:18 - StockPatternDetector.data.loader - DEBUG - _parse_datetime:488 - Successfully parsed datetime in 28-01-2025.csv using format: %d-%m-%Y %H:%M:%S
2025-07-26 15:17:18 - StockPatternDetector.data.loader - DEBUG - _parse_datetime:488 - Successfully parsed datetime in 23-04-2025.csv using format: %d-%m-%Y %H:%M:%S
2025-07-26 15:17:18 - StockPatternDetector.data.loader - DEBUG - _parse_datetime:488 - Successfully parsed datetime in 23-05-2025.csv using format: %d-%m-%Y %H:%M:%S
2025-07-26 15:17:18 - StockPatternDetector.data.loader - DEBUG - _parse_datetime:488 - Successfully parsed datetime in 10-06-2025.csv using format: %d-%m-%Y %H:%M:%S
2025-07-26 15:17:18 - StockPatternDetector.data.loader - DEBUG - _parse_datetime:488 - Successfully parsed datetime in 10-07-2025.csv using format: %d-%m-%Y %H:%M:%S
2025-07-26 15:17:18 - StockPatternDetector.data.loader - DEBUG - _parse_datetime:488 - Successfully parsed datetime in 06-01-2025.csv using format: %d-%m-%Y %H:%M:%S
2025-07-26 15:17:18 - StockPatternDetector.data.loader - DEBUG - _parse_datetime:488 - Successfully parsed datetime in 07-02-2025.csv using format: %d-%m-%Y %H:%M:%S
2025-07-26 15:17:18 - StockPatternDetector.data.loader - DEBUG - _parse_datetime:488 - Successfully parsed datetime in 07-03-2025.csv using format: %d-%m-%Y %H:%M:%S
2025-07-26 15:17:18 - StockPatternDetector.data.loader - DEBUG - _parse_datetime:488 - Successfully parsed datetime in 11-04-2025.csv using format: %d-%m-%Y %H:%M:%S
2025-07-26 15:17:18 - StockPatternDetector.data.loader - DEBUG - _parse_datetime:488 - Successfully parsed datetime in 22-07-2025.csv using format: %d-%m-%Y %H:%M:%S
2025-07-26 15:17:18 - StockPatternDetector.data.loader - DEBUG - _parse_datetime:488 - Successfully parsed datetime in 03-01-2025.csv using format: %d-%m-%Y %H:%M:%S
2025-07-26 15:17:18 - StockPatternDetector.data.loader - DEBUG - _parse_datetime:488 - Successfully parsed datetime in 26-05-2025.csv using format: %d-%m-%Y %H:%M:%S
2025-07-26 15:17:18 - StockPatternDetector.data.loader - DEBUG - _parse_datetime:488 - Successfully parsed datetime in 15-07-2025.csv using format: %d-%m-%Y %H:%M:%S
2025-07-26 15:17:18 - StockPatternDetector.data.loader - DEBUG - _parse_datetime:488 - Successfully parsed datetime in 08-04-2025.csv using format: %d-%m-%Y %H:%M:%S
2025-07-26 15:17:18 - StockPatternDetector.data.loader - DEBUG - _parse_datetime:488 - Successfully parsed datetime in 08-05-2025.csv using format: %d-%m-%Y %H:%M:%S
2025-07-26 15:17:18 - StockPatternDetector.data.loader - DEBUG - _parse_datetime:488 - Successfully parsed datetime in 14-05-2025.csv using format: %d-%m-%Y %H:%M:%S
2025-07-26 15:17:18 - StockPatternDetector.data.loader - DEBUG - _parse_datetime:488 - Successfully parsed datetime in 27-06-2025.csv using format: %d-%m-%Y %H:%M:%S
2025-07-26 15:17:18 - StockPatternDetector.data.loader - DEBUG - _parse_datetime:488 - Successfully parsed datetime in 31-01-2025.csv using format: %d-%m-%Y %H:%M:%S
2025-07-26 15:17:18 - StockPatternDetector.data.loader - DEBUG - _parse_datetime:488 - Successfully parsed datetime in 09-06-2025.csv using format: %d-%m-%Y %H:%M:%S
2025-07-26 15:17:18 - StockPatternDetector.data.loader - DEBUG - _parse_datetime:488 - Successfully parsed datetime in 09-07-2025.csv using format: %d-%m-%Y %H:%M:%S
2025-07-26 15:17:18 - StockPatternDetector.data.loader - DEBUG - _parse_datetime:488 - Successfully parsed datetime in 01-04-2025.csv using format: %d-%m-%Y %H:%M:%S
2025-07-26 15:17:18 - StockPatternDetector.data.loader - DEBUG - _parse_datetime:488 - Successfully parsed datetime in 24-01-2025.csv using format: %d-%m-%Y %H:%M:%S
2025-07-26 15:17:18 - StockPatternDetector.data.loader - DEBUG - _parse_datetime:488 - Successfully parsed datetime in 17-03-2025.csv using format: %d-%m-%Y %H:%M:%S
2025-07-26 15:17:18 - StockPatternDetector.data.loader - DEBUG - _parse_datetime:488 - Successfully parsed datetime in 17-02-2025.csv using format: %d-%m-%Y %H:%M:%S
2025-07-26 15:17:18 - StockPatternDetector.data.loader - DEBUG - _parse_datetime:488 - Successfully parsed datetime in 16-01-2025.csv using format: %d-%m-%Y %H:%M:%S
2025-07-26 15:17:18 - StockPatternDetector.data.loader - DEBUG - _parse_datetime:488 - Successfully parsed datetime in 25-03-2025.csv using format: %d-%m-%Y %H:%M:%S
2025-07-26 15:17:18 - StockPatternDetector.data.loader - DEBUG - _parse_datetime:488 - Successfully parsed datetime in 25-02-2025.csv using format: %d-%m-%Y %H:%M:%S
2025-07-26 15:17:18 - StockPatternDetector.data.loader - DEBUG - _parse_datetime:488 - Successfully parsed datetime in 28-04-2025.csv using format: %d-%m-%Y %H:%M:%S
2025-07-26 15:17:18 - StockPatternDetector.data.loader - DEBUG - _parse_datetime:488 - Successfully parsed datetime in 28-05-2025.csv using format: %d-%m-%Y %H:%M:%S
2025-07-26 15:17:18 - StockPatternDetector.data.loader - DEBUG - _parse_datetime:488 - Successfully parsed datetime in 06-05-2025.csv using format: %d-%m-%Y %H:%M:%S
2025-07-26 15:17:18 - StockPatternDetector.data.loader - DEBUG - _parse_datetime:488 - Successfully parsed datetime in 23-01-2025.csv using format: %d-%m-%Y %H:%M:%S
2025-07-26 15:17:18 - StockPatternDetector.data.loader - DEBUG - _parse_datetime:488 - Successfully parsed datetime in 10-02-2025.csv using format: %d-%m-%Y %H:%M:%S
2025-07-26 15:17:18 - StockPatternDetector.data.loader - DEBUG - _parse_datetime:488 - Successfully parsed datetime in 10-03-2025.csv using format: %d-%m-%Y %H:%M:%S
2025-07-26 15:17:18 - StockPatternDetector.data.loader - DEBUG - _parse_datetime:488 - Successfully parsed datetime in 07-07-2025.csv using format: %d-%m-%Y %H:%M:%S
2025-07-26 15:17:18 - StockPatternDetector.data.loader - DEBUG - _parse_datetime:488 - Successfully parsed datetime in 21-05-2025.csv using format: %d-%m-%Y %H:%M:%S
2025-07-26 15:17:18 - StockPatternDetector.data.loader - DEBUG - _parse_datetime:488 - Successfully parsed datetime in 21-04-2025.csv using format: %d-%m-%Y %H:%M:%S
2025-07-26 15:17:18 - StockPatternDetector.data.loader - DEBUG - _parse_datetime:488 - Successfully parsed datetime in 12-06-2025.csv using format: %d-%m-%Y %H:%M:%S
2025-07-26 15:17:18 - StockPatternDetector.data.loader - DEBUG - _parse_datetime:488 - Successfully parsed datetime in 19-03-2025.csv using format: %d-%m-%Y %H:%M:%S
2025-07-26 15:17:18 - StockPatternDetector.data.loader - DEBUG - _parse_datetime:488 - Successfully parsed datetime in 19-02-2025.csv using format: %d-%m-%Y %H:%M:%S
2025-07-26 15:17:18 - StockPatternDetector.data.loader - DEBUG - _parse_datetime:488 - Successfully parsed datetime in 13-05-2025.csv using format: %d-%m-%Y %H:%M:%S
2025-07-26 15:17:18 - StockPatternDetector.data.loader - DEBUG - _parse_datetime:488 - Successfully parsed datetime in 20-06-2025.csv using format: %d-%m-%Y %H:%M:%S
2025-07-26 15:17:18 - StockPatternDetector.data.loader - DEBUG - _parse_datetime:488 - Successfully parsed datetime in 05-03-2025.csv using format: %d-%m-%Y %H:%M:%S
2025-07-26 15:17:18 - StockPatternDetector.data.loader - DEBUG - _parse_datetime:488 - Successfully parsed datetime in 05-02-2025.csv using format: %d-%m-%Y %H:%M:%S
2025-07-26 15:17:18 - StockPatternDetector.data.loader - DEBUG - _parse_datetime:488 - Successfully parsed datetime in 24-04-2025.csv using format: %d-%m-%Y %H:%M:%S
2025-07-26 15:17:18 - StockPatternDetector.data.loader - DEBUG - _parse_datetime:488 - Successfully parsed datetime in 17-07-2025.csv using format: %d-%m-%Y %H:%M:%S
2025-07-26 15:17:18 - StockPatternDetector.data.loader - DEBUG - _parse_datetime:488 - Successfully parsed datetime in 17-06-2025.csv using format: %d-%m-%Y %H:%M:%S
2025-07-26 15:17:18 - StockPatternDetector.data.loader - DEBUG - _parse_datetime:488 - Successfully parsed datetime in 01-01-2025.csv using format: %d-%m-%Y %H:%M:%S
2025-07-26 15:17:18 - StockPatternDetector.data.loader - DEBUG - _parse_datetime:488 - Successfully parsed datetime in 16-05-2025.csv using format: %d-%m-%Y %H:%M:%S
2025-07-26 15:17:18 - StockPatternDetector.data.loader - DEBUG - _parse_datetime:488 - Successfully parsed datetime in 16-04-2025.csv using format: %d-%m-%Y %H:%M:%S
2025-07-26 15:17:18 - StockPatternDetector.data.loader - DEBUG - _parse_datetime:488 - Successfully parsed datetime in 25-06-2025.csv using format: %d-%m-%Y %H:%M:%S
2025-07-26 15:17:18 - StockPatternDetector.data.loader - DEBUG - _parse_datetime:488 - Successfully parsed datetime in 03-04-2025.csv using format: %d-%m-%Y %H:%M:%S
2025-07-26 15:17:18 - StockPatternDetector.data.loader - DEBUG - _parse_datetime:488 - Successfully parsed datetime in 30-06-2025.csv using format: %d-%m-%Y %H:%M:%S
2025-07-26 15:17:18 - StockPatternDetector.data.loader - DEBUG - _parse_datetime:488 - Successfully parsed datetime in 08-01-2025.csv using format: %d-%m-%Y %H:%M:%S
2025-07-26 15:17:18 - StockPatternDetector.data.loader - DEBUG - _parse_datetime:488 - Successfully parsed datetime in 02-06-2025.csv using format: %d-%m-%Y %H:%M:%S
2025-07-26 15:17:18 - StockPatternDetector.data.loader - DEBUG - _parse_datetime:488 - Successfully parsed datetime in 02-07-2025.csv using format: %d-%m-%Y %H:%M:%S
2025-07-26 15:17:18 - StockPatternDetector.data.loader - DEBUG - _parse_datetime:488 - Successfully parsed datetime in 14-01-2025.csv using format: %d-%m-%Y %H:%M:%S
2025-07-26 15:17:18 - StockPatternDetector.data.loader - DEBUG - _parse_datetime:488 - Successfully parsed datetime in 27-02-2025.csv using format: %d-%m-%Y %H:%M:%S
2025-07-26 15:17:18 - StockPatternDetector.data.loader - DEBUG - _parse_datetime:488 - Successfully parsed datetime in 27-03-2025.csv using format: %d-%m-%Y %H:%M:%S
2025-07-26 15:17:18 - StockPatternDetector.data.loader - DEBUG - _parse_datetime:488 - Successfully parsed datetime in 01-07-2025.csv using format: %d-%m-%Y %H:%M:%S
2025-07-26 15:17:18 - StockPatternDetector.data.loader - DEBUG - _parse_datetime:488 - Successfully parsed datetime in 24-02-2025.csv using format: %d-%m-%Y %H:%M:%S
2025-07-26 15:17:18 - StockPatternDetector.data.loader - DEBUG - _parse_datetime:488 - Successfully parsed datetime in 24-03-2025.csv using format: %d-%m-%Y %H:%M:%S
2025-07-26 15:17:18 - StockPatternDetector.data.loader - DEBUG - _parse_datetime:488 - Successfully parsed datetime in 17-01-2025.csv using format: %d-%m-%Y %H:%M:%S
2025-07-26 15:17:18 - StockPatternDetector.data.loader - DEBUG - _parse_datetime:488 - Successfully parsed datetime in 03-03-2025.csv using format: %d-%m-%Y %H:%M:%S
2025-07-26 15:17:18 - StockPatternDetector.data.loader - DEBUG - _parse_datetime:488 - Successfully parsed datetime in 03-02-2025.csv using format: %d-%m-%Y %H:%M:%S
2025-07-26 15:17:18 - StockPatternDetector.data.loader - DEBUG - _parse_datetime:488 - Successfully parsed datetime in 30-01-2025.csv using format: %d-%m-%Y %H:%M:%S
2025-07-26 15:17:18 - StockPatternDetector.data.loader - DEBUG - _parse_datetime:488 - Successfully parsed datetime in 26-06-2025.csv using format: %d-%m-%Y %H:%M:%S
2025-07-26 15:17:18 - StockPatternDetector.data.loader - DEBUG - _parse_datetime:488 - Successfully parsed datetime in 15-05-2025.csv using format: %d-%m-%Y %H:%M:%S
2025-07-26 15:17:18 - StockPatternDetector.data.loader - DEBUG - _parse_datetime:488 - Successfully parsed datetime in 15-04-2025.csv using format: %d-%m-%Y %H:%M:%S
2025-07-26 15:17:18 - StockPatternDetector.data.loader - DEBUG - _parse_datetime:488 - Successfully parsed datetime in 08-07-2025.csv using format: %d-%m-%Y %H:%M:%S
2025-07-26 15:17:18 - StockPatternDetector.data.loader - DEBUG - _parse_datetime:488 - Successfully parsed datetime in 14-07-2025.csv using format: %d-%m-%Y %H:%M:%S
2025-07-26 15:17:18 - StockPatternDetector.data.loader - DEBUG - _parse_datetime:488 - Successfully parsed datetime in 27-05-2025.csv using format: %d-%m-%Y %H:%M:%S
2025-07-26 15:17:18 - StockPatternDetector.data.loader - DEBUG - _parse_datetime:488 - Successfully parsed datetime in 02-01-2025.csv using format: %d-%m-%Y %H:%M:%S
2025-07-26 15:17:18 - StockPatternDetector.data.loader - DEBUG - _parse_datetime:488 - Successfully parsed datetime in 09-05-2025.csv using format: %d-%m-%Y %H:%M:%S
2025-07-26 15:17:18 - StockPatternDetector.data.loader - DEBUG - _parse_datetime:488 - Successfully parsed datetime in 09-04-2025.csv using format: %d-%m-%Y %H:%M:%S
2025-07-26 15:17:18 - StockPatternDetector.data.loader - DEBUG - _parse_datetime:488 - Successfully parsed datetime in 28-03-2025.csv using format: %d-%m-%Y %H:%M:%S
2025-07-26 15:17:18 - StockPatternDetector.data.loader - DEBUG - _parse_datetime:488 - Successfully parsed datetime in 28-02-2025.csv using format: %d-%m-%Y %H:%M:%S
2025-07-26 15:17:18 - StockPatternDetector.data.loader - DEBUG - _parse_datetime:488 - Successfully parsed datetime in 23-07-2025.csv using format: %d-%m-%Y %H:%M:%S
2025-07-26 15:17:18 - StockPatternDetector.data.loader - DEBUG - _parse_datetime:488 - Successfully parsed datetime in 23-06-2025.csv using format: %d-%m-%Y %H:%M:%S
2025-07-26 15:17:18 - StockPatternDetector.data.loader - DEBUG - _parse_datetime:488 - Successfully parsed datetime in 06-03-2025.csv using format: %d-%m-%Y %H:%M:%S
2025-07-26 15:17:18 - StockPatternDetector.data.loader - DEBUG - _parse_datetime:488 - Successfully parsed datetime in 06-02-2025.csv using format: %d-%m-%Y %H:%M:%S
2025-07-26 15:17:18 - StockPatternDetector.data.loader - DEBUG - _parse_datetime:488 - Successfully parsed datetime in 29-01-2025.csv using format: %d-%m-%Y %H:%M:%S
2025-07-26 15:17:18 - StockPatternDetector.data.loader - DEBUG - _parse_datetime:488 - Successfully parsed datetime in 07-01-2025.csv using format: %d-%m-%Y %H:%M:%S
2025-07-26 15:17:18 - StockPatternDetector.data.loader - DEBUG - _parse_datetime:488 - Successfully parsed datetime in 11-07-2025.csv using format: %d-%m-%Y %H:%M:%S
2025-07-26 15:17:18 - StockPatternDetector.data.loader - DEBUG - _parse_datetime:488 - Successfully parsed datetime in 11-06-2025.csv using format: %d-%m-%Y %H:%M:%S
2025-07-26 15:17:18 - StockPatternDetector.data.loader - DEBUG - _parse_datetime:488 - Successfully parsed datetime in 22-05-2025.csv using format: %d-%m-%Y %H:%M:%S
2025-07-26 15:17:18 - StockPatternDetector.data.loader - DEBUG - _parse_datetime:488 - Successfully parsed datetime in 22-04-2025.csv using format: %d-%m-%Y %H:%M:%S
2025-07-26 15:17:18 - StockPatternDetector.data.loader - DEBUG - _parse_datetime:488 - Successfully parsed datetime in 21-02-2025.csv using format: %d-%m-%Y %H:%M:%S
2025-07-26 15:17:18 - StockPatternDetector.data.loader - DEBUG - _parse_datetime:488 - Successfully parsed datetime in 21-03-2025.csv using format: %d-%m-%Y %H:%M:%S
2025-07-26 15:17:18 - StockPatternDetector.data.loader - DEBUG - _parse_datetime:488 - Successfully parsed datetime in 04-06-2025.csv using format: %d-%m-%Y %H:%M:%S
2025-07-26 15:17:18 - StockPatternDetector.data.loader - DEBUG - _parse_datetime:488 - Successfully parsed datetime in 04-07-2025.csv using format: %d-%m-%Y %H:%M:%S
2025-07-26 15:17:18 - StockPatternDetector.data.loader - DEBUG - _parse_datetime:488 - Successfully parsed datetime in 05-05-2025.csv using format: %d-%m-%Y %H:%M:%S
2025-07-26 15:17:18 - StockPatternDetector.data.loader - DEBUG - _parse_datetime:488 - Successfully parsed datetime in 13-02-2025.csv using format: %d-%m-%Y %H:%M:%S
2025-07-26 15:17:18 - StockPatternDetector.data.loader - DEBUG - _parse_datetime:488 - Successfully parsed datetime in 13-03-2025.csv using format: %d-%m-%Y %H:%M:%S
2025-07-26 15:17:18 - StockPatternDetector.data.loader - DEBUG - _parse_datetime:488 - Successfully parsed datetime in 20-01-2025.csv using format: %d-%m-%Y %H:%M:%S
2025-07-26 15:17:18 - StockPatternDetector.data.loader - DEBUG - _parse_datetime:488 - Successfully parsed datetime in 18-06-2025.csv using format: %d-%m-%Y %H:%M:%S
2025-07-26 15:17:18 - StockPatternDetector.data.loader - DEBUG - _parse_datetime:488 - Successfully parsed datetime in 18-07-2025.csv using format: %d-%m-%Y %H:%M:%S
2025-07-26 15:17:18 - StockPatternDetector.utils.cache_manager - DEBUG - set:232 - Cached item: instrument_data_ICICIBANK_5Scripts (TTL: 1800s)
2025-07-26 15:17:18 - StockPatternDetector.data.loader - [32mINFO[0m - load_instrument_data:254 - Successfully loaded 52125 records for ICICIBANK from 139/139 files in 0.68s (cached)
2025-07-26 15:17:18 - StockPatternDetector.utils.cache_manager - DEBUG - get:192 - Cache miss: aggregated_data_c72470c95c7b92f8_5hour
2025-07-26 15:17:18 - StockPatternDetector.data.aggregator - [32mINFO[0m - _perform_ohlcv_aggregation:297 - Dropped 676 empty periods during 5hour aggregation
2025-07-26 15:17:18 - StockPatternDetector.utils.cache_manager - DEBUG - set:232 - Cached item: aggregated_data_c72470c95c7b92f8_5hour (TTL: 900s)
2025-07-26 15:17:18 - StockPatternDetector.data.aggregator - [32mINFO[0m - aggregate_data:192 - Successfully aggregated 52125 records to 306 5hour candles (compression: 170.3x) in 0.03s (cached)
2025-07-26 15:17:18 - StockPatternDetector.utils.cache_manager - DEBUG - get:192 - Cache miss: pattern_Hammer_8428503258044671661_5hour_0.5
2025-07-26 15:17:18 - StockPatternDetector.patterns.base.HammerDetector - [32mINFO[0m - detect:131 - Used vectorized detection for Hammer
2025-07-26 15:17:18 - StockPatternDetector.utils.cache_manager - DEBUG - set:232 - Cached item: pattern_Hammer_8428503258044671661_5hour_0.5 (TTL: 600s)
2025-07-26 15:17:18 - StockPatternDetector.patterns.base.HammerDetector - [32mINFO[0m - detect:142 - Detected 1 Hammer patterns (scanned 306 candles)
2025-07-26 15:17:18 - StockPatternDetector.utils.cache_manager - DEBUG - get:192 - Cache miss: pattern_Evening Star_8428503258044671661_5hour_0.5
2025-07-26 15:17:18 - StockPatternDetector.utils.cache_manager - DEBUG - set:232 - Cached item: pattern_Evening Star_8428503258044671661_5hour_0.5 (TTL: 600s)
2025-07-26 15:17:18 - StockPatternDetector.patterns.base.EveningStarDetector - [32mINFO[0m - detect:142 - Detected 4 Evening Star patterns (scanned 306 candles)
2025-07-26 15:18:07 - StockPatternDetector.data.loader - [32mINFO[0m - get_available_instruments:92 - Found 5 valid instruments: ['RELIANCE', 'TCS', 'BHARTIARTL', 'ICICIBANK', 'BAJAJ-AUTO']
2025-07-26 15:18:07 - StockPatternDetector.data.loader - [32mINFO[0m - get_available_instruments:92 - Found 5 valid instruments: ['RELIANCE', 'TCS', 'BHARTIARTL', 'ICICIBANK', 'BAJAJ-AUTO']
2025-07-26 15:18:07 - StockPatternDetector.utils.cache_manager - DEBUG - get:154 - Memory cache hit: instrument_data_BAJAJ-AUTO_5Scripts
2025-07-26 15:18:07 - StockPatternDetector.data.loader - [32mINFO[0m - load_instrument_data:135 - Loaded BAJAJ-AUTO from cache in 0.001s (52125 records)
2025-07-26 15:18:10 - StockPatternDetector.data.loader - [32mINFO[0m - get_available_instruments:92 - Found 5 valid instruments: ['RELIANCE', 'TCS', 'BHARTIARTL', 'ICICIBANK', 'BAJAJ-AUTO']
2025-07-26 15:18:10 - StockPatternDetector.data.loader - [32mINFO[0m - get_available_instruments:92 - Found 5 valid instruments: ['RELIANCE', 'TCS', 'BHARTIARTL', 'ICICIBANK', 'BAJAJ-AUTO']
2025-07-26 15:18:10 - StockPatternDetector.utils.cache_manager - DEBUG - get:154 - Memory cache hit: instrument_data_BAJAJ-AUTO_5Scripts
2025-07-26 15:18:10 - StockPatternDetector.data.loader - [32mINFO[0m - load_instrument_data:135 - Loaded BAJAJ-AUTO from cache in 0.007s (52125 records)
2025-07-26 15:18:12 - StockPatternDetector.data.loader - [32mINFO[0m - get_available_instruments:92 - Found 5 valid instruments: ['RELIANCE', 'TCS', 'BHARTIARTL', 'ICICIBANK', 'BAJAJ-AUTO']
2025-07-26 15:18:12 - StockPatternDetector.data.loader - [32mINFO[0m - get_available_instruments:92 - Found 5 valid instruments: ['RELIANCE', 'TCS', 'BHARTIARTL', 'ICICIBANK', 'BAJAJ-AUTO']
2025-07-26 15:18:12 - StockPatternDetector.utils.cache_manager - DEBUG - get:154 - Memory cache hit: instrument_data_BAJAJ-AUTO_5Scripts
2025-07-26 15:18:12 - StockPatternDetector.data.loader - [32mINFO[0m - load_instrument_data:135 - Loaded BAJAJ-AUTO from cache in 0.006s (52125 records)
2025-07-26 15:18:14 - StockPatternDetector.data.loader - [32mINFO[0m - get_available_instruments:92 - Found 5 valid instruments: ['RELIANCE', 'TCS', 'BHARTIARTL', 'ICICIBANK', 'BAJAJ-AUTO']
2025-07-26 15:18:14 - StockPatternDetector.data.loader - [32mINFO[0m - get_available_instruments:92 - Found 5 valid instruments: ['RELIANCE', 'TCS', 'BHARTIARTL', 'ICICIBANK', 'BAJAJ-AUTO']
2025-07-26 15:18:14 - StockPatternDetector.utils.cache_manager - DEBUG - get:154 - Memory cache hit: instrument_data_BAJAJ-AUTO_5Scripts
2025-07-26 15:18:14 - StockPatternDetector.data.loader - [32mINFO[0m - load_instrument_data:135 - Loaded BAJAJ-AUTO from cache in 0.007s (52125 records)
2025-07-26 15:18:14 - StockPatternDetector.data.loader - [32mINFO[0m - get_available_instruments:92 - Found 5 valid instruments: ['RELIANCE', 'TCS', 'BHARTIARTL', 'ICICIBANK', 'BAJAJ-AUTO']
2025-07-26 15:18:14 - StockPatternDetector.data.loader - [32mINFO[0m - get_available_instruments:92 - Found 5 valid instruments: ['RELIANCE', 'TCS', 'BHARTIARTL', 'ICICIBANK', 'BAJAJ-AUTO']
2025-07-26 15:18:14 - StockPatternDetector.utils.cache_manager - DEBUG - get:154 - Memory cache hit: instrument_data_BAJAJ-AUTO_5Scripts
2025-07-26 15:18:14 - StockPatternDetector.data.loader - [32mINFO[0m - load_instrument_data:135 - Loaded BAJAJ-AUTO from cache in 0.010s (52125 records)
2025-07-26 15:18:18 - StockPatternDetector.data.loader - [32mINFO[0m - get_available_instruments:92 - Found 5 valid instruments: ['RELIANCE', 'TCS', 'BHARTIARTL', 'ICICIBANK', 'BAJAJ-AUTO']
2025-07-26 15:18:18 - StockPatternDetector.data.loader - [32mINFO[0m - get_available_instruments:92 - Found 5 valid instruments: ['RELIANCE', 'TCS', 'BHARTIARTL', 'ICICIBANK', 'BAJAJ-AUTO']
2025-07-26 15:18:18 - StockPatternDetector.utils.cache_manager - DEBUG - get:154 - Memory cache hit: instrument_data_BAJAJ-AUTO_5Scripts
2025-07-26 15:18:18 - StockPatternDetector.data.loader - [32mINFO[0m - load_instrument_data:135 - Loaded BAJAJ-AUTO from cache in 0.005s (52125 records)
2025-07-26 15:18:22 - StockPatternDetector.data.loader - [32mINFO[0m - get_available_instruments:92 - Found 5 valid instruments: ['RELIANCE', 'TCS', 'BHARTIARTL', 'ICICIBANK', 'BAJAJ-AUTO']
2025-07-26 15:18:22 - StockPatternDetector.data.loader - [32mINFO[0m - get_available_instruments:92 - Found 5 valid instruments: ['RELIANCE', 'TCS', 'BHARTIARTL', 'ICICIBANK', 'BAJAJ-AUTO']
2025-07-26 15:18:22 - StockPatternDetector.utils.cache_manager - DEBUG - get:154 - Memory cache hit: instrument_data_BAJAJ-AUTO_5Scripts
2025-07-26 15:18:22 - StockPatternDetector.data.loader - [32mINFO[0m - load_instrument_data:135 - Loaded BAJAJ-AUTO from cache in 0.003s (52125 records)
2025-07-26 15:18:22 - StockPatternDetector.data.loader - [32mINFO[0m - get_available_instruments:92 - Found 5 valid instruments: ['RELIANCE', 'TCS', 'BHARTIARTL', 'ICICIBANK', 'BAJAJ-AUTO']
2025-07-26 15:18:22 - StockPatternDetector.utils.cache_manager - DEBUG - get:154 - Memory cache hit: instrument_data_ICICIBANK_5Scripts
2025-07-26 15:18:22 - StockPatternDetector.data.loader - [32mINFO[0m - load_instrument_data:135 - Loaded ICICIBANK from cache in 0.002s (52125 records)
2025-07-26 15:18:22 - StockPatternDetector.utils.cache_manager - DEBUG - get:192 - Cache miss: aggregated_data_c72470c95c7b92f8_2hour
2025-07-26 15:18:22 - StockPatternDetector.data.aggregator - [32mINFO[0m - _perform_ohlcv_aggregation:297 - Dropped 1896 empty periods during 2hour aggregation
2025-07-26 15:18:22 - StockPatternDetector.utils.cache_manager - DEBUG - set:232 - Cached item: aggregated_data_c72470c95c7b92f8_2hour (TTL: 900s)
2025-07-26 15:18:22 - StockPatternDetector.data.aggregator - [32mINFO[0m - aggregate_data:192 - Successfully aggregated 52125 records to 556 2hour candles (compression: 93.8x) in 0.03s (cached)
2025-07-26 15:18:22 - StockPatternDetector.utils.cache_manager - DEBUG - get:192 - Cache miss: pattern_Dragonfly Doji_16612688979509277102_2hour_0.5
2025-07-26 15:18:22 - StockPatternDetector.patterns.base.DragonflyDojiDetector - [32mINFO[0m - detect:131 - Used vectorized detection for Dragonfly Doji
2025-07-26 15:18:22 - StockPatternDetector.utils.cache_manager - DEBUG - set:232 - Cached item: pattern_Dragonfly Doji_16612688979509277102_2hour_0.5 (TTL: 600s)
2025-07-26 15:18:22 - StockPatternDetector.patterns.base.DragonflyDojiDetector - [32mINFO[0m - detect:142 - Detected 9 Dragonfly Doji patterns (scanned 556 candles)
2025-07-26 15:18:22 - StockPatternDetector.utils.cache_manager - DEBUG - get:192 - Cache miss: pattern_Hammer_16612688979509277102_2hour_0.5
2025-07-26 15:18:22 - StockPatternDetector.patterns.base.HammerDetector - [32mINFO[0m - detect:131 - Used vectorized detection for Hammer
2025-07-26 15:18:22 - StockPatternDetector.utils.cache_manager - DEBUG - set:232 - Cached item: pattern_Hammer_16612688979509277102_2hour_0.5 (TTL: 600s)
2025-07-26 15:18:22 - StockPatternDetector.patterns.base.HammerDetector - [32mINFO[0m - detect:142 - Detected 2 Hammer patterns (scanned 556 candles)
2025-07-26 15:18:22 - StockPatternDetector.utils.cache_manager - DEBUG - get:192 - Cache miss: pattern_Evening Star_16612688979509277102_2hour_0.5
2025-07-26 15:18:22 - StockPatternDetector.utils.cache_manager - DEBUG - set:232 - Cached item: pattern_Evening Star_16612688979509277102_2hour_0.5 (TTL: 600s)
2025-07-26 15:18:22 - StockPatternDetector.patterns.base.EveningStarDetector - [32mINFO[0m - detect:142 - Detected 9 Evening Star patterns (scanned 556 candles)
2025-07-26 15:19:18 - StockPatternDetector.data.loader - [32mINFO[0m - get_available_instruments:92 - Found 5 valid instruments: ['RELIANCE', 'TCS', 'BHARTIARTL', 'ICICIBANK', 'BAJAJ-AUTO']
2025-07-26 15:19:18 - StockPatternDetector.utils.cache_manager - DEBUG - get:154 - Memory cache hit: instrument_data_ICICIBANK_5Scripts
2025-07-26 15:19:18 - StockPatternDetector.data.loader - [32mINFO[0m - load_instrument_data:135 - Loaded ICICIBANK from cache in 0.006s (52125 records)
2025-07-26 15:19:18 - StockPatternDetector.utils.cache_manager - DEBUG - get:154 - Memory cache hit: aggregated_data_c72470c95c7b92f8_2hour
2025-07-26 15:19:18 - StockPatternDetector.data.aggregator - [32mINFO[0m - aggregate_data:78 - Loaded aggregated 2hour data from cache in 0.012s
2025-07-26 15:19:18 - StockPatternDetector.utils.cache_manager - DEBUG - get:154 - Memory cache hit: pattern_Dragonfly Doji_16612688979509277102_2hour_0.5
2025-07-26 15:19:18 - StockPatternDetector.patterns.base.DragonflyDojiDetector - [32mINFO[0m - detect:108 - Loaded 9 Dragonfly Doji patterns from cache
2025-07-26 15:19:18 - StockPatternDetector.utils.cache_manager - DEBUG - get:154 - Memory cache hit: pattern_Hammer_16612688979509277102_2hour_0.5
2025-07-26 15:19:18 - StockPatternDetector.patterns.base.HammerDetector - [32mINFO[0m - detect:108 - Loaded 2 Hammer patterns from cache
2025-07-26 15:19:18 - StockPatternDetector.utils.cache_manager - DEBUG - get:154 - Memory cache hit: pattern_Evening Star_16612688979509277102_2hour_0.5
2025-07-26 15:19:18 - StockPatternDetector.patterns.base.EveningStarDetector - [32mINFO[0m - detect:108 - Loaded 9 Evening Star patterns from cache
